<?xml version="1.0" encoding="utf-8"?><testsuites name="pytest tests"><testsuite name="pytest" errors="0" failures="0" skipped="0" tests="10" time="15.324" timestamp="2026-05-16T06:40:49.717415+00:00" hostname="agent-env-35de459b-7ffd-486c-a674-1e2c5b6bba45"><testcase classname="backend.tests.test_sarai.TestHealth" name="test_health" time="0.289" /><testcase classname="backend.tests.test_sarai.TestStats" name="test_get_stats" time="0.152" /><testcase classname="backend.tests.test_sarai.TestGraph" name="test_get_graph" time="0.157" /><testcase classname="backend.tests.test_sarai.TestTimeline" name="test_get_timeline" time="0.136" /><testcase classname="backend.tests.test_sarai.TestThoughts" name="test_post_thought" time="2.936" /><testcase classname="backend.tests.test_sarai.TestThoughts" name="test_graph_has_new_node" time="0.104" /><testcase classname="backend.tests.test_sarai.TestThoughts" name="test_delete_thought" time="0.153" /><testcase classname="backend.tests.test_sarai.TestThoughts" name="test_delete_removes_from_graph" time="0.170" /><testcase classname="backend.tests.test_sarai.TestChat" name="test_chat" time="2.299" /><testcase classname="backend.tests.test_sarai.TestAgentAnalyze" name="test_analyze" time="8.776" /></testsuite></testsuites>